  Game.cpp
c:\users\antonino\documents\_docs\projects\pong\pong\game.cpp(162): warning C4244: '=': conversion from 'double' to 'GLfloat', possible loss of data
c:\users\antonino\documents\_docs\projects\pong\pong\game.cpp(183): warning C4244: '=': conversion from 'double' to 'GLfloat', possible loss of data
  Source.cpp
c:\users\antonino\documents\_docs\projects\pong\pong\source.cpp(72): warning C4244: 'initializing': conversion from 'double' to 'GLfloat', possible loss of data
     Creating library C:\Users\Antonino\Documents\_Docs\Projects\pong\Release\pong.lib and object C:\Users\Antonino\Documents\_Docs\Projects\pong\Release\pong.exp
LINK : warning LNK4098: defaultlib 'MSVCRTD' conflicts with use of other libs; use /NODEFAULTLIB:library
  Generating code
  21 of 903 functions ( 2.3%) were compiled, the rest were copied from previous compilation.
    0 functions were new in current compilation
    0 functions had inline decision re-evaluated but remain unchanged
  Finished generating code
glfw3.lib(context.obj) : warning LNK4099: PDB 'glfw.pdb' was not found with 'glfw3.lib(context.obj)' or at 'C:\Users\Antonino\Documents\_Docs\Projects\pong\Release\glfw.pdb'; linking object as if no debug info
glfw3.lib(init.obj) : warning LNK4099: PDB 'glfw.pdb' was not found with 'glfw3.lib(init.obj)' or at 'C:\Users\Antonino\Documents\_Docs\Projects\pong\Release\glfw.pdb'; linking object as if no debug info
glfw3.lib(input.obj) : warning LNK4099: PDB 'glfw.pdb' was not found with 'glfw3.lib(input.obj)' or at 'C:\Users\Antonino\Documents\_Docs\Projects\pong\Release\glfw.pdb'; linking object as if no debug info
glfw3.lib(monitor.obj) : warning LNK4099: PDB 'glfw.pdb' was not found with 'glfw3.lib(monitor.obj)' or at 'C:\Users\Antonino\Documents\_Docs\Projects\pong\Release\glfw.pdb'; linking object as if no debug info
glfw3.lib(vulkan.obj) : warning LNK4099: PDB 'glfw.pdb' was not found with 'glfw3.lib(vulkan.obj)' or at 'C:\Users\Antonino\Documents\_Docs\Projects\pong\Release\glfw.pdb'; linking object as if no debug info
glfw3.lib(window.obj) : warning LNK4099: PDB 'glfw.pdb' was not found with 'glfw3.lib(window.obj)' or at 'C:\Users\Antonino\Documents\_Docs\Projects\pong\Release\glfw.pdb'; linking object as if no debug info
glfw3.lib(win32_init.obj) : warning LNK4099: PDB 'glfw.pdb' was not found with 'glfw3.lib(win32_init.obj)' or at 'C:\Users\Antonino\Documents\_Docs\Projects\pong\Release\glfw.pdb'; linking object as if no debug info
glfw3.lib(win32_joystick.obj) : warning LNK4099: PDB 'glfw.pdb' was not found with 'glfw3.lib(win32_joystick.obj)' or at 'C:\Users\Antonino\Documents\_Docs\Projects\pong\Release\glfw.pdb'; linking object as if no debug info
glfw3.lib(win32_monitor.obj) : warning LNK4099: PDB 'glfw.pdb' was not found with 'glfw3.lib(win32_monitor.obj)' or at 'C:\Users\Antonino\Documents\_Docs\Projects\pong\Release\glfw.pdb'; linking object as if no debug info
glfw3.lib(win32_time.obj) : warning LNK4099: PDB 'glfw.pdb' was not found with 'glfw3.lib(win32_time.obj)' or at 'C:\Users\Antonino\Documents\_Docs\Projects\pong\Release\glfw.pdb'; linking object as if no debug info
glfw3.lib(win32_tls.obj) : warning LNK4099: PDB 'glfw.pdb' was not found with 'glfw3.lib(win32_tls.obj)' or at 'C:\Users\Antonino\Documents\_Docs\Projects\pong\Release\glfw.pdb'; linking object as if no debug info
glfw3.lib(win32_window.obj) : warning LNK4099: PDB 'glfw.pdb' was not found with 'glfw3.lib(win32_window.obj)' or at 'C:\Users\Antonino\Documents\_Docs\Projects\pong\Release\glfw.pdb'; linking object as if no debug info
glfw3.lib(wgl_context.obj) : warning LNK4099: PDB 'glfw.pdb' was not found with 'glfw3.lib(wgl_context.obj)' or at 'C:\Users\Antonino\Documents\_Docs\Projects\pong\Release\glfw.pdb'; linking object as if no debug info
glfw3.lib(egl_context.obj) : warning LNK4099: PDB 'glfw.pdb' was not found with 'glfw3.lib(egl_context.obj)' or at 'C:\Users\Antonino\Documents\_Docs\Projects\pong\Release\glfw.pdb'; linking object as if no debug info
  pong.vcxproj -> C:\Users\Antonino\Documents\_Docs\Projects\pong\Release\pong.exe
