c:\users\antonino\documents\_docs\projects\pong\pong\release\vc141.pdb
c:\users\antonino\documents\_docs\projects\pong\pong\release\texture.obj
c:\users\antonino\documents\_docs\projects\pong\pong\release\textrenderer.obj
c:\users\antonino\documents\_docs\projects\pong\pong\release\spriterenderer.obj
c:\users\antonino\documents\_docs\projects\pong\pong\release\source.obj
c:\users\antonino\documents\_docs\projects\pong\pong\release\shader.obj
c:\users\antonino\documents\_docs\projects\pong\pong\release\resourcemanager.obj
c:\users\antonino\documents\_docs\projects\pong\pong\release\mate.obj
c:\users\antonino\documents\_docs\projects\pong\pong\release\gameobject.obj
c:\users\antonino\documents\_docs\projects\pong\pong\release\game.obj
c:\users\antonino\documents\_docs\projects\pong\pong\release\coursehandler.obj
c:\users\antonino\documents\_docs\projects\pong\pong\release\glad.obj
c:\users\antonino\documents\_docs\projects\pong\release\pong.exe
c:\users\antonino\documents\_docs\projects\pong\release\pong.pdb
c:\users\antonino\documents\_docs\projects\pong\release\pong.lib
c:\users\antonino\documents\_docs\projects\pong\release\pong.exp
c:\users\antonino\documents\_docs\projects\pong\release\pong.ipdb
c:\users\antonino\documents\_docs\projects\pong\release\pong.iobj
c:\users\antonino\documents\_docs\projects\pong\pong\release\pong.tlog\cl.command.1.tlog
c:\users\antonino\documents\_docs\projects\pong\pong\release\pong.tlog\cl.read.1.tlog
c:\users\antonino\documents\_docs\projects\pong\pong\release\pong.tlog\cl.write.1.tlog
c:\users\antonino\documents\_docs\projects\pong\pong\release\pong.tlog\link.command.1.tlog
c:\users\antonino\documents\_docs\projects\pong\pong\release\pong.tlog\link.read.1.tlog
c:\users\antonino\documents\_docs\projects\pong\pong\release\pong.tlog\link.write.1.tlog
c:\users\antonino\documents\_docs\projects\pong\pong\release\pong.tlog\pong.write.1u.tlog
